#
# A fatal error has been detected by the Java Runtime Environment:
#
#  EXCEPTION_ACCESS_VIOLATION (0xc0000005) at pc=0x00000000053fc9b4, pid=7088, tid=0x0000000000002c84
#
# JRE version: OpenJDK Runtime Environment (8.0_152-b06) (build 1.8.0_152-release-1136-b06)
# Java VM: OpenJDK 64-Bit Server VM (25.152-b06 mixed mode windows-amd64 compressed oops)
# Problematic frame:
# J 12346 C2 com.android.tools.r8.graph.JarApplicationReader.getTypeFromDescriptor(Ljava/lang/String;)Lcom/android/tools/r8/graph/DexType; (38 bytes) @ 0x00000000053fc9b4 [0x00000000053fc800+0x1b4]
#
# Failed to write core dump. Minidumps are not enabled by default on client versions of Windows
#
# If you would like to submit a bug report, please visit:
#   http://bugreport.java.com/bugreport/crash.jsp
#

---------------  T H R E A D  ---------------

Current thread (0x000000001aa47800):  JavaThread "ForkJoinPool.commonPool-worker-0" daemon [_thread_in_Java, id=11396, stack(0x0000000026110000,0x0000000026210000)]

siginfo: ExceptionCode=0xc0000005, reading address 0x0000000000000090

Registers:
RAX=0x000000001aa4780d, RBX=0x0000000000000048, RCX=0x000000006efee394, RDX=0x0000000000000000
RSP=0x000000002620da90, RBP=0x00000000c381b8d8, RSI=0x00000000eefe0d6a, RDI=0x00000000c37a9eb0
R8 =0x00000000c381b8d8, R9 =0x00000001009f36d0, R10=0x00000000c38138d8, R11=0x00000000c382cd88
R12=0x0000000000000000, R13=0x00000000c3910138, R14=0x00000000c3910138, R15=0x000000001aa47800
RIP=0x00000000053fc9b4, EFLAGS=0x0000000000010216

Top of Stack: (sp=0x000000002620da90)
0x000000002620da90:   00000000edb4e870 200002c2058d612f
0x000000002620daa0:   00000000edacb138 edb450900000012f
0x000000002620dab0:   00000000edacb170 00000000c37a9eb0
0x000000002620dac0:   00000000c37a9eb0 00000000edb4e7c0
0x000000002620dad0:   0000000011e20000 00000000edb4e148
0x000000002620dae0:   0000000000000009 00000000edb4d558
0x000000002620daf0:   000000002620e348 00000000057b1764
0x000000002620db00:   00000000edb4e570 0000000005549594
0x000000002620db10:   000000002620dba0 00000000055a3ce4
0x000000002620db20:   00000000edb4e018 0000000005549594
0x000000002620db30:   00000000edacb110 00000000de2f8031
0x000000002620db40:   000000002620dbd0 000000002620dba0
0x000000002620db50:   00000000edacb1d0 00000000ac1f2f9e
0x000000002620db60:   0000000000000ea8 000000000318cdf9
0x000000002620db70:   00000000edb4e018 000000000554905c
0x000000002620db80:   00000000212cfa80 00000000edb4da40 

Instructions: (pc=0x00000000053fc9b4)
0x00000000053fc994:   85 95 01 00 00 41 8b 6b 10 4c 8b c5 4d 3b c2 74
0x00000000053fc9a4:   71 8b 5d 08 4c 8b c5 4d 3b d0 74 66 48 c1 e3 03
0x00000000053fc9b4:   48 8b 5b 48 49 3b d9 0f 85 e6 05 00 00 45 8b 4a
0x00000000053fc9c4:   14 41 8b 50 14 44 3b ca 0f 85 d5 05 00 00 89 4c 


Register to memory mapping:

RAX=0x000000001aa4780d is an unknown value
RBX=0x0000000000000048 is an unknown value
RCX=0x000000006efee394 is an unknown value
RDX=0x0000000000000000 is an unknown value
RSP=0x000000002620da90 is pointing into the stack for thread: 0x000000001aa47800
RBP=0x00000000c381b8d8 is pointing into object: 0x00000000c381b8c0
[B 
 - klass: {type array byte}
 - length: 16
RSI=0x00000000eefe0d6a is an unknown value
RDI=0x00000000c37a9eb0 is an oop
com.android.tools.r8.graph.DexItemFactory 
 - klass: 'com/android/tools/r8/graph/DexItemFactory'
R8 =0x00000000c381b8d8 is pointing into object: 0x00000000c381b8c0
[B 
 - klass: {type array byte}
 - length: 16
R9 =0x00000001009f36d0 is pointing into metadata
R10=0x00000000c38138d8 is an oop
com.android.tools.r8.graph.DexString 
 - klass: 'com/android/tools/r8/graph/DexString'
R11=0x00000000c382cd88 is an oop
java.util.concurrent.ConcurrentHashMap$Node 
 - klass: 'java/util/concurrent/ConcurrentHashMap$Node'
R12=0x0000000000000000 is an unknown value
R13=0x00000000c3910138 is an oop
java.util.concurrent.ConcurrentHashMap$Node 
 - klass: 'java/util/concurrent/ConcurrentHashMap$Node'
R14=0x00000000c3910138 is an oop
java.util.concurrent.ConcurrentHashMap$Node 
 - klass: 'java/util/concurrent/ConcurrentHashMap$Node'
R15=0x000000001aa47800 is a thread


Stack: [0x0000000026110000,0x0000000026210000],  sp=0x000000002620da90,  free space=1014k
Native frames: (J=compiled Java code, j=interpreted, Vv=VM code, C=native code)
C  0x00000000053fc9b4


---------------  P R O C E S S  ---------------

Java Threads: ( => current thread )
  0x000000001aa4c000 JavaThread "ForkJoinPool.commonPool-worker-1" daemon [_thread_in_Java, id=3012, stack(0x0000000026210000,0x0000000026310000)]
=>0x000000001aa47800 JavaThread "ForkJoinPool.commonPool-worker-0" daemon [_thread_in_Java, id=11396, stack(0x0000000026110000,0x0000000026210000)]
  0x000000001aa4b000 JavaThread "ForkJoinPool.commonPool-worker-3" daemon [_thread_in_Java, id=12276, stack(0x0000000026010000,0x0000000026110000)]
  0x000000001aa4e000 JavaThread "Cache worker for Java compile cache (C:\Users\Yura\AndroidStudioProjects\MyProgramMenu\.gradle\4.6\javaCompile)" [_thread_blocked, id=5968, stack(0x0000000025f10000,0x0000000026010000)]
  0x000000001aa46800 JavaThread "stdout" [_thread_in_native, id=10912, stack(0x0000000025e10000,0x0000000025f10000)]
  0x000000001aa4a800 JavaThread "stderr" [_thread_in_native, id=2952, stack(0x0000000025d10000,0x0000000025e10000)]
  0x000000001aa49000 JavaThread "pool-8-thread-1" [_thread_blocked, id=9096, stack(0x0000000025c10000,0x0000000025d10000)]
  0x000000001aa4c800 JavaThread "Task worker for ':' Thread 3" [_thread_blocked, id=10176, stack(0x0000000025b10000,0x0000000025c10000)]
  0x000000001aa48000 JavaThread "Task worker for ':' Thread 2" [_thread_blocked, id=1556, stack(0x0000000025a10000,0x0000000025b10000)]
  0x000000001aa3f000 JavaThread "Task worker for ':'" [_thread_blocked, id=1524, stack(0x0000000025910000,0x0000000025a10000)]
  0x000000001aa41000 JavaThread "Cache worker for Build Output Cleanup Cache (C:\Users\Yura\AndroidStudioProjects\MyProgramMenu\.gradle\buildOutputCleanup)" [_thread_blocked, id=9128, stack(0x0000000025810000,0x0000000025910000)]
  0x000000001aa45000 JavaThread "Cache worker for task history cache (C:\Users\Yura\AndroidStudioProjects\MyProgramMenu\.gradle\4.6\taskHistory)" [_thread_blocked, id=6356, stack(0x0000000025710000,0x0000000025810000)]
  0x000000001aa3f800 JavaThread "Cache worker for file content cache (C:\Users\Yura\AndroidStudioProjects\MyProgramMenu\.gradle\4.6\fileContent)" [_thread_blocked, id=5036, stack(0x0000000025610000,0x0000000025710000)]
  0x000000001aa42800 JavaThread "Build operations Thread 4" [_thread_blocked, id=7304, stack(0x0000000025510000,0x0000000025610000)]
  0x000000001aa43800 JavaThread "Build operations Thread 3" [_thread_blocked, id=4128, stack(0x0000000025410000,0x0000000025510000)]
  0x000000001aa44000 JavaThread "Build operations Thread 2" [_thread_blocked, id=8648, stack(0x0000000025310000,0x0000000025410000)]
  0x000000001b75b000 JavaThread "Build operations" [_thread_blocked, id=7192, stack(0x0000000025210000,0x0000000025310000)]
  0x000000001b75a000 JavaThread "Cache worker for Artifact transforms cache (C:\Users\Yura\.gradle\caches\transforms-1)" [_thread_blocked, id=5440, stack(0x0000000025110000,0x0000000025210000)]
  0x000000001b759800 JavaThread "Cache worker for file hash cache (C:\Users\Yura\AndroidStudioProjects\MyProgramMenu\.gradle\4.6\fileHashes)" [_thread_blocked, id=8504, stack(0x0000000025010000,0x0000000025110000)]
  0x000000001b758000 JavaThread "Stdin handler" [_thread_blocked, id=332, stack(0x0000000024f10000,0x0000000025010000)]
  0x000000001b75c800 JavaThread "Asynchronous log dispatcher for DefaultDaemonConnection: socket connection from /127.0.0.1:50901 to /127.0.0.1:51130" [_thread_blocked, id=1168, stack(0x0000000024e10000,0x0000000024f10000)]
  0x000000001b75e800 JavaThread "Cancel handler" [_thread_blocked, id=4048, stack(0x0000000024d10000,0x0000000024e10000)]
  0x000000001b75d000 JavaThread "Handler for socket connection from /127.0.0.1:50901 to /127.0.0.1:51130" [_thread_in_native, id=9444, stack(0x0000000024c10000,0x0000000024d10000)]
  0x000000001aa42000 JavaThread "Daemon worker Thread 2" [_thread_blocked, id=1648, stack(0x0000000022040000,0x0000000022140000)]
  0x000000001aa45800 JavaThread "Daemon Thread 2" [_thread_blocked, id=10164, stack(0x0000000021d40000,0x0000000021e40000)]
  0x000000001aa40800 JavaThread "pool-1-thread-1" [_thread_blocked, id=7320, stack(0x0000000021c40000,0x0000000021d40000)]
  0x000000001b75b800 JavaThread "Memory manager" [_thread_blocked, id=12056, stack(0x000000001ed20000,0x000000001ee20000)]
  0x00000000188bf000 JavaThread "File lock request listener" [_thread_in_native, id=7428, stack(0x000000001b1c0000,0x000000001b2c0000)]
  0x0000000018715800 JavaThread "Cache worker for file hash cache (C:\Users\Yura\.gradle\caches\4.6\fileHashes)" [_thread_blocked, id=7744, stack(0x000000001b0c0000,0x000000001b1c0000)]
  0x0000000018789800 JavaThread "Daemon periodic checks" [_thread_blocked, id=6280, stack(0x00000000195f0000,0x00000000196f0000)]
  0x00000000184f2000 JavaThread "Incoming local TCP Connector on port 50901" [_thread_in_native, id=9624, stack(0x00000000193b0000,0x00000000194b0000)]
  0x0000000015774000 JavaThread "Service Thread" daemon [_thread_blocked, id=11236, stack(0x00000000174a0000,0x00000000175a0000)]
  0x000000001573a000 JavaThread "C1 CompilerThread2" daemon [_thread_in_vm, id=8980, stack(0x0000000016fa0000,0x00000000170a0000)]
  0x000000001572e800 JavaThread "C2 CompilerThread1" daemon [_thread_in_native, id=916, stack(0x0000000016ea0000,0x0000000016fa0000)]
  0x000000001572b800 JavaThread "C2 CompilerThread0" daemon [_thread_in_native, id=9436, stack(0x0000000016da0000,0x0000000016ea0000)]
  0x000000001572a000 JavaThread "Attach Listener" daemon [_thread_blocked, id=5884, stack(0x0000000016ca0000,0x0000000016da0000)]
  0x0000000015729000 JavaThread "Signal Dispatcher" daemon [_thread_blocked, id=8652, stack(0x0000000016ba0000,0x0000000016ca0000)]
  0x0000000015718800 JavaThread "Finalizer" daemon [_thread_blocked, id=76, stack(0x00000000169a0000,0x0000000016aa0000)]
  0x0000000003052000 JavaThread "Reference Handler" daemon [_thread_blocked, id=7908, stack(0x00000000168a0000,0x00000000169a0000)]
  0x0000000002e0e000 JavaThread "main" [_thread_blocked, id=10668, stack(0x0000000002e10000,0x0000000002f10000)]

Other Threads:
  0x00000000156f4800 VMThread [stack: 0x00000000167a0000,0x00000000168a0000] [id=1572]
  0x0000000015774800 WatcherThread [stack: 0x00000000175a0000,0x00000000176a0000] [id=10564]

VM state:not at safepoint (normal execution)

VM Mutex/Monitor currently owned by a thread: None

Heap:
 PSYoungGen      total 126464K, used 67250K [0x00000000eab00000, 0x00000000f4e80000, 0x0000000100000000)
  eden space 97280K, 69% used [0x00000000eab00000,0x00000000eecac9c8,0x00000000f0a00000)
  from space 29184K, 0% used [0x00000000f0a00000,0x00000000f0a00000,0x00000000f2680000)
  to   space 28160K, 0% used [0x00000000f3300000,0x00000000f3300000,0x00000000f4e80000)
 ParOldGen       total 149504K, used 69203K [0x00000000c0000000, 0x00000000c9200000, 0x00000000eab00000)
  object space 149504K, 46% used [0x00000000c0000000,0x00000000c4394d60,0x00000000c9200000)
 Metaspace       used 80921K, capacity 84256K, committed 84888K, reserved 1122304K
  class space    used 10466K, capacity 11252K, committed 11440K, reserved 1048576K

Card table byte_map: [0x0000000012420000,0x0000000012630000] byte_map_base: 0x0000000011e20000

Marking Bits: (ParMarkBitMap*) 0x0000000051bb5aa0
 Begin Bits: [0x0000000012b90000, 0x0000000013b90000)
 End Bits:   [0x0000000013b90000, 0x0000000014b90000)

Polling page: 0x0000000001020000

CodeCache: size=245760Kb used=40865Kb max_used=41331Kb free=204894Kb
 bounds [0x0000000003060000, 0x0000000005900000, 0x0000000012060000]
 total_blobs=13256 nmethods=12418 adapters=748
 compilation: enabled

Compilation events (10 events):
Event: 304.683 Thread 0x000000001573a000 14392       2       java.util.stream.SliceOps$1$1::accept (52 bytes)
Event: 304.683 Thread 0x000000001573a000 nmethod 14392 0x0000000005035510 code [0x0000000005035680, 0x0000000005035868]
Event: 304.686 Thread 0x000000001573a000 14393       2       java.util.stream.SortedOps$OfRef::<init> (32 bytes)
Event: 304.687 Thread 0x000000001573a000 nmethod 14393 0x00000000050b4e10 code [0x00000000050b4f80, 0x00000000050b51f8]
Event: 304.688 Thread 0x000000001573a000 14394       2       java.util.stream.SliceOps::makeRef (51 bytes)
Event: 304.689 Thread 0x000000001573a000 nmethod 14394 0x0000000003aff6d0 code [0x0000000003aff880, 0x0000000003affd48]
Event: 304.690 Thread 0x000000001573a000 14395       1       com.android.tools.r8.ir.code.Argument::setPosition (1 bytes)
Event: 304.690 Thread 0x000000001573a000 nmethod 14395 0x00000000050b4b50 code [0x00000000050b4ca0, 0x00000000050b4db0]
Event: 304.695 Thread 0x000000001573a000 14396       2       com.android.tools.r8.org.objectweb.asm.tree.MethodNode::visitLdcInsn (16 bytes)
Event: 304.696 Thread 0x000000001573a000 nmethod 14396 0x0000000003aff250 code [0x0000000003aff3c0, 0x0000000003aff5c8]

GC Heap History (10 events):
Event: 273.452 GC heap before
{Heap before GC invocations=33 (full 3):
 PSYoungGen      total 96768K, used 96738K [0x00000000eab00000, 0x00000000f2c00000, 0x0000000100000000)
  eden space 81920K, 100% used [0x00000000eab00000,0x00000000efb00000,0x00000000efb00000)
  from space 14848K, 99% used [0x00000000efb00000,0x00000000f0978a68,0x00000000f0980000)
  to   space 18432K, 0% used [0x00000000f1a00000,0x00000000f1a00000,0x00000000f2c00000)
 ParOldGen       total 90112K, used 40799K [0x00000000c0000000, 0x00000000c5800000, 0x00000000eab00000)
  object space 90112K, 45% used [0x00000000c0000000,0x00000000c27d7dd0,0x00000000c5800000)
 Metaspace       used 65826K, capacity 68476K, committed 68504K, reserved 1107968K
  class space    used 8694K, capacity 9368K, committed 9392K, reserved 1048576K
Event: 273.535 GC heap after
Heap after GC invocations=33 (full 3):
 PSYoungGen      total 108544K, used 8329K [0x00000000eab00000, 0x00000000f2880000, 0x0000000100000000)
  eden space 93696K, 0% used [0x00000000eab00000,0x00000000eab00000,0x00000000f0680000)
  from space 14848K, 56% used [0x00000000f1a00000,0x00000000f2222640,0x00000000f2880000)
  to   space 17408K, 0% used [0x00000000f0680000,0x00000000f0680000,0x00000000f1780000)
 ParOldGen       total 90112K, used 49275K [0x00000000c0000000, 0x00000000c5800000, 0x00000000eab00000)
  object space 90112K, 54% used [0x00000000c0000000,0x00000000c301ee60,0x00000000c5800000)
 Metaspace       used 65826K, capacity 68476K, committed 68504K, reserved 1107968K
  class space    used 8694K, capacity 9368K, committed 9392K, reserved 1048576K
}
Event: 293.936 GC heap before
{Heap before GC invocations=34 (full 3):
 PSYoungGen      total 108544K, used 102025K [0x00000000eab00000, 0x00000000f2880000, 0x0000000100000000)
  eden space 93696K, 100% used [0x00000000eab00000,0x00000000f0680000,0x00000000f0680000)
  from space 14848K, 56% used [0x00000000f1a00000,0x00000000f2222640,0x00000000f2880000)
  to   space 17408K, 0% used [0x00000000f0680000,0x00000000f0680000,0x00000000f1780000)
 ParOldGen       total 90112K, used 49275K [0x00000000c0000000, 0x00000000c5800000, 0x00000000eab00000)
  object space 90112K, 54% used [0x00000000c0000000,0x00000000c301ee60,0x00000000c5800000)
 Metaspace       used 70197K, capacity 72870K, committed 72984K, reserved 1112064K
  class space    used 9217K, capacity 9925K, committed 10032K, reserved 1048576K
Event: 293.959 GC heap after
Heap after GC invocations=34 (full 3):
 PSYoungGen      total 111104K, used 17393K [0x00000000eab00000, 0x00000000f3b00000, 0x0000000100000000)
  eden space 93696K, 0% used [0x00000000eab00000,0x00000000eab00000,0x00000000f0680000)
  from space 17408K, 99% used [0x00000000f0680000,0x00000000f177c468,0x00000000f1780000)
  to   space 20992K, 0% used [0x00000000f2680000,0x00000000f2680000,0x00000000f3b00000)
 ParOldGen       total 90112K, used 51350K [0x00000000c0000000, 0x00000000c5800000, 0x00000000eab00000)
  object space 90112K, 56% used [0x00000000c0000000,0x00000000c3225a80,0x00000000c5800000)
 Metaspace       used 70197K, capacity 72870K, committed 72984K, reserved 1112064K
  class space    used 9217K, capacity 9925K, committed 10032K, reserved 1048576K
}
Event: 302.362 GC heap before
{Heap before GC invocations=35 (full 3):
 PSYoungGen      total 111104K, used 111089K [0x00000000eab00000, 0x00000000f3b00000, 0x0000000100000000)
  eden space 93696K, 100% used [0x00000000eab00000,0x00000000f0680000,0x00000000f0680000)
  from space 17408K, 99% used [0x00000000f0680000,0x00000000f177c468,0x00000000f1780000)
  to   space 20992K, 0% used [0x00000000f2680000,0x00000000f2680000,0x00000000f3b00000)
 ParOldGen       total 90112K, used 51350K [0x00000000c0000000, 0x00000000c5800000, 0x00000000eab00000)
  object space 90112K, 56% used [0x00000000c0000000,0x00000000c3225a80,0x00000000c5800000)
 Metaspace       used 76533K, capacity 79620K, committed 79896K, reserved 1118208K
  class space    used 10004K, capacity 10770K, committed 10800K, reserved 1048576K
Event: 302.411 GC heap after
Heap after GC invocations=35 (full 3):
 PSYoungGen      total 118272K, used 20987K [0x00000000eab00000, 0x00000000f4b00000, 0x0000000100000000)
  eden space 97280K, 0% used [0x00000000eab00000,0x00000000eab00000,0x00000000f0a00000)
  from space 20992K, 99% used [0x00000000f2680000,0x00000000f3afed90,0x00000000f3b00000)
  to   space 29184K, 0% used [0x00000000f0a00000,0x00000000f0a00000,0x00000000f2680000)
 ParOldGen       total 90112K, used 64500K [0x00000000c0000000, 0x00000000c5800000, 0x00000000eab00000)
  object space 90112K, 71% used [0x00000000c0000000,0x00000000c3efd080,0x00000000c5800000)
 Metaspace       used 76533K, capacity 79620K, committed 79896K, reserved 1118208K
  class space    used 10004K, capacity 10770K, committed 10800K, reserved 1048576K
}
Event: 303.974 GC heap before
{Heap before GC invocations=36 (full 3):
 PSYoungGen      total 118272K, used 118267K [0x00000000eab00000, 0x00000000f4b00000, 0x0000000100000000)
  eden space 97280K, 100% used [0x00000000eab00000,0x00000000f0a00000,0x00000000f0a00000)
  from space 20992K, 99% used [0x00000000f2680000,0x00000000f3afed90,0x00000000f3b00000)
  to   space 29184K, 0% used [0x00000000f0a00000,0x00000000f0a00000,0x00000000f2680000)
 ParOldGen       total 90112K, used 64500K [0x00000000c0000000, 0x00000000c5800000, 0x00000000eab00000)
  object space 90112K, 71% used [0x00000000c0000000,0x00000000c3efd080,0x00000000c5800000)
 Metaspace       used 80968K, capacity 84454K, committed 84632K, reserved 1122304K
  class space    used 10511K, capacity 11345K, committed 11440K, reserved 1048576K
Event: 304.024 GC heap after
Heap after GC invocations=36 (full 3):
 PSYoungGen      total 126464K, used 6219K [0x00000000eab00000, 0x00000000f4e80000, 0x0000000100000000)
  eden space 97280K, 0% used [0x00000000eab00000,0x00000000eab00000,0x00000000f0a00000)
  from space 29184K, 21% used [0x00000000f0a00000,0x00000000f1012f08,0x00000000f2680000)
  to   space 28160K, 0% used [0x00000000f3300000,0x00000000f3300000,0x00000000f4e80000)
 ParOldGen       total 90112K, used 84969K [0x00000000c0000000, 0x00000000c5800000, 0x00000000eab00000)
  object space 90112K, 94% used [0x00000000c0000000,0x00000000c52fa780,0x00000000c5800000)
 Metaspace       used 80968K, capacity 84454K, committed 84632K, reserved 1122304K
  class space    used 10511K, capacity 11345K, committed 11440K, reserved 1048576K
}
Event: 304.025 GC heap before
{Heap before GC invocations=37 (full 4):
 PSYoungGen      total 126464K, used 6219K [0x00000000eab00000, 0x00000000f4e80000, 0x0000000100000000)
  eden space 97280K, 0% used [0x00000000eab00000,0x00000000eab00000,0x00000000f0a00000)
  from space 29184K, 21% used [0x00000000f0a00000,0x00000000f1012f08,0x00000000f2680000)
  to   space 28160K, 0% used [0x00000000f3300000,0x00000000f3300000,0x00000000f4e80000)
 ParOldGen       total 90112K, used 84969K [0x00000000c0000000, 0x00000000c5800000, 0x00000000eab00000)
  object space 90112K, 94% used [0x00000000c0000000,0x00000000c52fa780,0x00000000c5800000)
 Metaspace       used 80968K, capacity 84454K, committed 84632K, reserved 1122304K
  class space    used 10511K, capacity 11345K, committed 11440K, reserved 1048576K
Event: 304.321 GC heap after
Heap after GC invocations=37 (full 4):
 PSYoungGen      total 126464K, used 0K [0x00000000eab00000, 0x00000000f4e80000, 0x0000000100000000)
  eden space 97280K, 0% used [0x00000000eab00000,0x00000000eab00000,0x00000000f0a00000)
  from space 29184K, 0% used [0x00000000f0a00000,0x00000000f0a00000,0x00000000f2680000)
  to   space 28160K, 0% used [0x00000000f3300000,0x00000000f3300000,0x00000000f4e80000)
 ParOldGen       total 149504K, used 69203K [0x00000000c0000000, 0x00000000c9200000, 0x00000000eab00000)
  object space 149504K, 46% used [0x00000000c0000000,0x00000000c4394d60,0x00000000c9200000)
 Metaspace       used 80815K, capacity 84090K, committed 84632K, reserved 1122304K
  class space    used 10456K, capacity 11249K, committed 11440K, reserved 1048576K
}

Deoptimization events (10 events):
Event: 303.614 Thread 0x000000001aa47800 Uncommon trap: reason=unstable_if action=reinterpret pc=0x00000000057f9780 method=com.android.tools.r8.ir.conversion.JarState.getLocalsAt(I)Lcom/android/tools/r8/ir/conversion/JarState$LocalsAtOffset; @ 1
Event: 303.680 Thread 0x000000001aa4b000 Uncommon trap: reason=bimorphic action=maybe_recompile pc=0x00000000055d2b18 method=com.android.tools.r8.ir.analysis.constant.SparseConditionalConstantPropagation.visitInstruction(Lcom/android/tools/r8/ir/code/Instruction;)V @ 40
Event: 303.718 Thread 0x000000001aa4b000 Uncommon trap: reason=bimorphic action=maybe_recompile pc=0x00000000055d2b18 method=com.android.tools.r8.ir.analysis.constant.SparseConditionalConstantPropagation.visitInstruction(Lcom/android/tools/r8/ir/code/Instruction;)V @ 40
Event: 303.755 Thread 0x000000001aa47800 Uncommon trap: reason=unstable_if action=reinterpret pc=0x00000000042f3adc method=com.android.tools.r8.ir.code.ValueType.isWide()Z @ 4
Event: 303.867 Thread 0x000000001aa4b000 Uncommon trap: reason=class_check action=maybe_recompile pc=0x00000000056161f8 method=com.android.tools.r8.ir.optimize.MoveEliminator.shouldBeEliminated(Lcom/android/tools/r8/ir/code/Instruction;)Z @ 83
Event: 303.867 Thread 0x000000001aa4b000 Uncommon trap: reason=class_check action=maybe_recompile pc=0x00000000056161f8 method=com.android.tools.r8.ir.optimize.MoveEliminator.shouldBeEliminated(Lcom/android/tools/r8/ir/code/Instruction;)Z @ 83
Event: 303.867 Thread 0x000000001aa4b000 Uncommon trap: reason=class_check action=maybe_recompile pc=0x00000000056161f8 method=com.android.tools.r8.ir.optimize.MoveEliminator.shouldBeEliminated(Lcom/android/tools/r8/ir/code/Instruction;)Z @ 83
Event: 303.867 Thread 0x000000001aa4b000 Uncommon trap: reason=class_check action=maybe_recompile pc=0x00000000056161f8 method=com.android.tools.r8.ir.optimize.MoveEliminator.shouldBeEliminated(Lcom/android/tools/r8/ir/code/Instruction;)Z @ 83
Event: 304.472 Thread 0x000000001aa4c000 Uncommon trap: reason=unstable_if action=reinterpret pc=0x00000000033480e8 method=com.android.tools.r8.ir.regalloc.LiveIntervals.getSplitCovering(I)Lcom/android/tools/r8/ir/regalloc/LiveIntervals; @ 134
Event: 304.540 Thread 0x000000001aa4c000 Uncommon trap: reason=unstable_if action=reinterpret pc=0x00000000054a5e68 method=com.android.tools.r8.ir.code.ValueType.isWide()Z @ 4

Classes redefined (0 events):
No events

Internal exceptions (10 events):
Event: 301.717 Thread 0x000000001aa4c800 Exception <a 'sun/nio/fs/WindowsException'> (0x00000000eee0ddb0) thrown at [D:\src\AOSP-openjdk-cygwin\jdk8u\hotspot\src\share\vm\prims\jni.cpp, line 709]
Event: 301.717 Thread 0x000000001aa4c800 Exception <a 'sun/nio/fs/WindowsException'> (0x00000000eee0e8f0) thrown at [D:\src\AOSP-openjdk-cygwin\jdk8u\hotspot\src\share\vm\prims\jni.cpp, line 709]
Event: 301.717 Thread 0x000000001aa4c800 Exception <a 'sun/nio/fs/WindowsException'> (0x00000000eee0fe40) thrown at [D:\src\AOSP-openjdk-cygwin\jdk8u\hotspot\src\share\vm\prims\jni.cpp, line 709]
Event: 301.734 Thread 0x000000001aa4c800 Exception <a 'sun/nio/fs/WindowsException'> (0x00000000eefbb630) thrown at [D:\src\AOSP-openjdk-cygwin\jdk8u\hotspot\src\share\vm\prims\jni.cpp, line 709]
Event: 301.734 Thread 0x000000001aa4c800 Exception <a 'sun/nio/fs/WindowsException'> (0x00000000eefbc170) thrown at [D:\src\AOSP-openjdk-cygwin\jdk8u\hotspot\src\share\vm\prims\jni.cpp, line 709]
Event: 301.734 Thread 0x000000001aa4c800 Exception <a 'sun/nio/fs/WindowsException'> (0x00000000eefbd6c0) thrown at [D:\src\AOSP-openjdk-cygwin\jdk8u\hotspot\src\share\vm\prims\jni.cpp, line 709]
Event: 301.757 Thread 0x000000001aa4c800 Exception <a 'sun/nio/fs/WindowsException'> (0x00000000ef004ed0) thrown at [D:\src\AOSP-openjdk-cygwin\jdk8u\hotspot\src\share\vm\prims\jni.cpp, line 709]
Event: 301.757 Thread 0x000000001aa4c800 Exception <a 'sun/nio/fs/WindowsException'> (0x00000000ef005a10) thrown at [D:\src\AOSP-openjdk-cygwin\jdk8u\hotspot\src\share\vm\prims\jni.cpp, line 709]
Event: 301.758 Thread 0x000000001aa4c800 Exception <a 'sun/nio/fs/WindowsException'> (0x00000000ef006f60) thrown at [D:\src\AOSP-openjdk-cygwin\jdk8u\hotspot\src\share\vm\prims\jni.cpp, line 709]
Event: 304.700 Thread 0x000000001aa47800 Implicit null exception at 0x00000000053fc9b4 to 0x0000000000000000

Events (10 events):
Event: 304.667 loading class com/android/tools/r8/code/MulIntLit8
Event: 304.667 loading class com/android/tools/r8/code/MulIntLit8 done
Event: 304.668 loading class com/android/tools/r8/code/MulLong
Event: 304.668 loading class com/android/tools/r8/code/MulLong done
Event: 304.669 loading class com/android/tools/r8/code/MulInt2Addr
Event: 304.669 loading class com/android/tools/r8/code/MulInt2Addr done
Event: 304.669 loading class com/android/tools/r8/code/MulIntLit16
Event: 304.669 loading class com/android/tools/r8/code/MulIntLit16 done
Event: 304.670 loading class com/android/tools/r8/code/MulLong2Addr
Event: 304.670 loading class com/android/tools/r8/code/MulLong2Addr done


Dynamic libraries:
0x00007ff6d3890000 - 0x00007ff6d38c1000 	C:\Program Files\Android\Android Studio\jre\bin\java.exe
0x00007ffac3b90000 - 0x00007ffac3d71000 	C:\WINDOWS\SYSTEM32\ntdll.dll
0x00007ffac3aa0000 - 0x00007ffac3b52000 	C:\WINDOWS\System32\KERNEL32.DLL
0x00007ffac0ad0000 - 0x00007ffac0d43000 	C:\WINDOWS\System32\KERNELBASE.dll
0x00007ffac2d10000 - 0x00007ffac2db1000 	C:\WINDOWS\System32\ADVAPI32.dll
0x00007ffac3540000 - 0x00007ffac35de000 	C:\WINDOWS\System32\msvcrt.dll
0x00007ffac29a0000 - 0x00007ffac29fb000 	C:\WINDOWS\System32\sechost.dll
0x00007ffac25c0000 - 0x00007ffac26e4000 	C:\WINDOWS\System32\RPCRT4.dll
0x00007ffac3860000 - 0x00007ffac39f0000 	C:\WINDOWS\System32\USER32.dll
0x00007ffabff60000 - 0x00007ffabff80000 	C:\WINDOWS\System32\win32u.dll
0x00007ffac3690000 - 0x00007ffac36b8000 	C:\WINDOWS\System32\GDI32.dll
0x00007ffac0d50000 - 0x00007ffac0ee2000 	C:\WINDOWS\System32\gdi32full.dll
0x00007ffac0a30000 - 0x00007ffac0acf000 	C:\WINDOWS\System32\msvcp_win.dll
0x00007ffac0930000 - 0x00007ffac0a2a000 	C:\WINDOWS\System32\ucrtbase.dll
0x00007ffaac490000 - 0x00007ffaac6f9000 	C:\WINDOWS\WinSxS\amd64_microsoft.windows.common-controls_6595b64144ccf1df_6.0.17134.345_none_fb429a5930656358\COMCTL32.dll
0x00007ffac2dc0000 - 0x00007ffac30e3000 	C:\WINDOWS\System32\combase.dll
0x00007ffac0ef0000 - 0x00007ffac0f6a000 	C:\WINDOWS\System32\bcryptPrimitives.dll
0x00007ffac3660000 - 0x00007ffac368d000 	C:\WINDOWS\System32\IMM32.DLL
0x0000000051230000 - 0x0000000051302000 	C:\Program Files\Android\Android Studio\jre\jre\bin\msvcr100.dll
0x00000000513f0000 - 0x0000000051c31000 	C:\Program Files\Android\Android Studio\jre\jre\bin\server\jvm.dll
0x00007ffac3650000 - 0x00007ffac3658000 	C:\WINDOWS\System32\PSAPI.DLL
0x00007ffab5f80000 - 0x00007ffab5f89000 	C:\WINDOWS\SYSTEM32\WSOCK32.dll
0x00007ffac2b10000 - 0x00007ffac2b7c000 	C:\WINDOWS\System32\WS2_32.dll
0x00007ffabbac0000 - 0x00007ffabbaca000 	C:\WINDOWS\SYSTEM32\VERSION.dll
0x00007ffabdc00000 - 0x00007ffabdc23000 	C:\WINDOWS\SYSTEM32\WINMM.dll
0x00007ffabdbd0000 - 0x00007ffabdbfa000 	C:\WINDOWS\SYSTEM32\winmmbase.dll
0x00007ffac0880000 - 0x00007ffac08c9000 	C:\WINDOWS\System32\cfgmgr32.dll
0x00007ffab4cf0000 - 0x00007ffab4cff000 	C:\Program Files\Android\Android Studio\jre\jre\bin\verify.dll
0x00007ffab46b0000 - 0x00007ffab46d9000 	C:\Program Files\Android\Android Studio\jre\jre\bin\java.dll
0x00007ffab4580000 - 0x00007ffab4596000 	C:\Program Files\Android\Android Studio\jre\jre\bin\zip.dll
0x00007ffac1180000 - 0x00007ffac25bf000 	C:\WINDOWS\System32\SHELL32.dll
0x00007ffac39f0000 - 0x00007ffac3a99000 	C:\WINDOWS\System32\shcore.dll
0x00007ffabff80000 - 0x00007ffac068d000 	C:\WINDOWS\System32\windows.storage.dll
0x00007ffac35f0000 - 0x00007ffac3641000 	C:\WINDOWS\System32\shlwapi.dll
0x00007ffabfed0000 - 0x00007ffabfee1000 	C:\WINDOWS\System32\kernel.appcore.dll
0x00007ffabfeb0000 - 0x00007ffabfecf000 	C:\WINDOWS\System32\profapi.dll
0x00007ffabfef0000 - 0x00007ffabff3c000 	C:\WINDOWS\System32\powrprof.dll
0x00007ffabfea0000 - 0x00007ffabfeaa000 	C:\WINDOWS\System32\FLTLIB.DLL
0x00007ffab3e60000 - 0x00007ffab3e7a000 	C:\Program Files\Android\Android Studio\jre\jre\bin\net.dll
0x00007ffabf6c0000 - 0x00007ffabf726000 	C:\WINDOWS\system32\mswsock.dll
0x00007ffab2ed0000 - 0x00007ffab2ee1000 	C:\Program Files\Android\Android Studio\jre\jre\bin\nio.dll
0x00007ffab7c90000 - 0x00007ffab7cae000 	C:\Users\Yura\.gradle\native\25\windows-amd64\native-platform.dll
0x00007ffab47b0000 - 0x00007ffab47bd000 	C:\Program Files\Android\Android Studio\jre\jre\bin\management.dll
0x00007ffabf880000 - 0x00007ffabf897000 	C:\WINDOWS\SYSTEM32\CRYPTSP.dll
0x00007ffabf2a0000 - 0x00007ffabf2d3000 	C:\WINDOWS\system32\rsaenh.dll
0x00007ffabf9a0000 - 0x00007ffabf9c5000 	C:\WINDOWS\SYSTEM32\bcrypt.dll
0x00007ffabfdd0000 - 0x00007ffabfdf8000 	C:\WINDOWS\SYSTEM32\USERENV.dll
0x00007ffabf870000 - 0x00007ffabf87b000 	C:\WINDOWS\SYSTEM32\CRYPTBASE.dll
0x00007ffabf440000 - 0x00007ffabf478000 	C:\WINDOWS\SYSTEM32\IPHLPAPI.DLL
0x00007ffac35e0000 - 0x00007ffac35e8000 	C:\WINDOWS\System32\NSI.dll
0x00007ffab94d0000 - 0x00007ffab94e6000 	C:\WINDOWS\SYSTEM32\dhcpcsvc6.DLL
0x00007ffab92f0000 - 0x00007ffab930a000 	C:\WINDOWS\SYSTEM32\dhcpcsvc.DLL
0x00007ffab17b0000 - 0x00007ffab1979000 	C:\WINDOWS\SYSTEM32\dbghelp.dll

VM Arguments:
jvm_args: -Xmx1024m -Dfile.encoding=windows-1251 -Duser.country=RU -Duser.language=ru -Duser.variant 
java_command: org.gradle.launcher.daemon.bootstrap.GradleDaemon 4.6
java_class_path (initial): C:\Users\Yura\.gradle\wrapper\dists\gradle-4.6-all\bcst21l2brirad8k2ben1letg\gradle-4.6\lib\gradle-launcher-4.6.jar
Launcher Type: SUN_STANDARD

Environment Variables:
PATH=C:\Program Files (x86)\Common Files\Oracle\Java\javapath;C:\ProgramData\Oracle\Java\javapath;C:\WINDOWS\system32;C:\WINDOWS;C:\WINDOWS\System32\Wbem;C:\WINDOWS\System32\WindowsPowerShell\v1.0\;C:\Program Files (x86)\ATI Technologies\ATI.ACE\Core-Static;C:\Program Files\Microsoft SQL Server\Client SDK\ODBC\130\Tools\Binn\;C:\Program Files (x86)\Microsoft SQL Server\140\Tools\Binn\;C:\Program Files\Microsoft SQL Server\140\Tools\Binn\;C:\Program Files\Microsoft SQL Server\140\DTS\Binn\;C:\Program Files (x86)\Microsoft SQL Server\Client SDK\ODBC\130\Tools\Binn\;C:\Program Files (x86)\Microsoft SQL Server\140\DTS\Binn\;C:\Program Files (x86)\Microsoft SQL Server\140\Tools\Binn\ManagementStudio\;C:\Program Files (x86)\Common Files\Acronis\VirtualFile\;C:\Program Files (x86)\Common Files\Acronis\VirtualFile64\;C:\Program Files (x86)\Common Files\Acronis\FileProtector\;C:\Program Files (x86)\Common Files\Acronis\FileProtector64\;C:\Program Files (x86)\Common Files\Acronis\SnapAPI\;C:\WINDOWS\System32\OpenSSH\;C:\Program Files (x86)\Microsoft Emulator Manager\1.0\;C:\Git\cmd;C:\Git\Bin;C:\Users\Yura\AppData\Local\Microsoft\WindowsApps;
USERNAME=Yura
OS=Windows_NT
PROCESSOR_IDENTIFIER=AMD64 Family 16 Model 5 Stepping 3, AuthenticAMD



---------------  S Y S T E M  ---------------

OS: Windows 10.0 , 64 bit Build 17134 (10.0.17134.1)

CPU:total 4 (initial active 4) (4 cores per cpu, 1 threads per core) family 16 model 5 stepping 3, cmov, cx8, fxsr, mmx, sse, sse2, sse3, popcnt, mmxext, 3dnowpref, lzcnt, sse4a, tsc, tscinvbit, tscinv

Memory: 4k page, physical 4192436k(724636k free), swap 7469236k(2222956k free)

vm_info: OpenJDK 64-Bit Server VM (25.152-b06) for windows-amd64 JRE (1.8.0_152-release-1136-b06), built by "builder" with MS VC++ 10.0 (VS2010)

time: Sat Oct 27 04:03:32 2018
elapsed time: 304 seconds (0d 0h 5m 4s)

